<?xml version="1.0" encoding="UTF-8"?>
<!-- Generated by org.testng.reporters.JUnitReportReporter -->
<testsuite hostname="LAPTOP-UQ0PVCHS" failures="0" tests="1" name="testNG.FirstTestNG" time="8.132" errors="0" timestamp="2021-06-25T21:21:55 CDT" skipped="0">
  <testcase classname="testNG.FirstTestNG" name="validTest" time="8.132"/>
  <system-out/>
</testsuite> <!-- testNG.FirstTestNG -->
